#
# A fatal error has been detected by the Java Runtime Environment:
#
#  EXCEPTION_ACCESS_VIOLATION (0xc0000005) at pc=0x000000006839ea53, pid=4400, tid=0x0000000000001f00
#
# JRE version: Java(TM) SE Runtime Environment (8.0_101-b13) (build 1.8.0_101-b13)
# Java VM: Java HotSpot(TM) 64-Bit Server VM (25.101-b13 mixed mode windows-amd64 compressed oops)
# Problematic frame:
# V  [jvm.dll+0x3fea53]
#
# Failed to write core dump. Minidumps are not enabled by default on client versions of Windows
#
# If you would like to submit a bug report, please visit:
#   http://bugreport.java.com/bugreport/crash.jsp
#

---------------  T H R E A D  ---------------

Current thread (0x00000000024c0800):  GCTaskThread [stack: 0x0000000012330000,0x0000000012430000] [id=7936]

siginfo: ExceptionCode=0xc0000005, reading address 0x000000000000012d

Registers:
RAX=0x0000000000000005, RBX=0x000000001242f998, RCX=0x00000000c39f5f40, RDX=0x00000000550e9e50
RSP=0x000000001242f8f0, RBP=0x0000000000b60000, RSI=0x0000000000b50585, RDI=0x0000000000000001
R8 =0x00000000c51e7340, R9 =0x00000000c39f5f40, R10=0x000000000002d800, R11=0x00000000c51e7340
R12=0x00000000687ba6d0, R13=0x00000000000000b5, R14=0x00000000c5b00000, R15=0x000000001242f998
RIP=0x000000006839ea53, EFLAGS=0x0000000000010203

Top of Stack: (sp=0x000000001242f8f0)
0x000000001242f8f0:   000000001242f998 0000000000b60000
0x000000001242f900:   0000000000b50584 00000000c51e4724
0x000000001242f910:   0000000000b60000 0000000068393fed
0x000000001242f920:   0000000000b50585 000000006839fa8e
0x000000001242f930:   0000000000000007 000000006839ea59
0x000000001242f940:   00000000d1e4b208 00000000c5b00000
0x000000001242f950:   00000000000000b5 0000000000000000
0x000000001242f960:   00000000c0000000 000000006839fd54
0x000000001242f970:   0000000000000000 000000001242f9d8
0x000000001242f980:   0000000000b50002 000000001242f9d8
0x000000001242f990:   0000000000270000 00000000685f3018
0x000000001242f9a0:   00000000687ba6d0 00000000550e9e50
0x000000001242f9b0:   0000000000003198 00000000c5a82c28
0x000000001242f9c0:   00000000024ba280 00000000c51e7340
0x000000001242f9d0:   00000000008001d8 00000000024c0b00
0x000000001242f9e0:   00000000024c0af0 0000000000000000 

Instructions: (pc=0x000000006839ea53)
0x000000006839ea33:   03 0d 5f fd 39 00 eb 04 4d 8b 48 08 41 81 79 08
0x000000006839ea43:   00 00 00 c0 73 10 49 8b 01 48 8b 53 10 49 8b c9
0x000000006839ea53:   ff 90 28 01 00 00 48 29 7b 18 48 8d 04 fd 00 00
0x000000006839ea63:   00 00 b9 02 00 00 00 48 01 43 20 48 01 43 30 33 


Register to memory mapping:

RAX=0x0000000000000005 is an unknown value
RBX=0x000000001242f998 is an unknown value
RCX=0x00000000c39f5f40 is pointing into object: 0x00000000c39f4290
[Ljava.lang.Object; 
 - klass: 'java/lang/Object'[]
 - length: 2049
RDX=0x00000000550e9e50 is an unknown value
RSP=0x000000001242f8f0 is an unknown value
RBP=0x0000000000b60000 is an unknown value
RSI=0x0000000000b50585 is an unknown value
RDI=0x0000000000000001 is an unknown value
R8 =
[error occurred during error reporting (printing register info), id 0xc0000005]

Stack: [0x0000000012330000,0x0000000012430000],  sp=0x000000001242f8f0,  free space=1022k
Native frames: (J=compiled Java code, j=interpreted, Vv=VM code, C=native code)
V  [jvm.dll+0x3fea53]
V  [jvm.dll+0x3f3fed]
V  [jvm.dll+0x3ffd54]
V  [jvm.dll+0x3f782a]
V  [jvm.dll+0x3f5155]
V  [jvm.dll+0x3f25ce]
V  [jvm.dll+0x29c18a]
C  [msvcr100.dll+0x21d9f]
C  [msvcr100.dll+0x21e3b]
C  [kernel32.dll+0x1652d]
C  [ntdll.dll+0x2c521]


---------------  P R O C E S S  ---------------

Java Threads: ( => current thread )
  0x0000000057f12800 JavaThread "" [_thread_blocked, id=13176, stack(0x00000000607f0000,0x00000000608f0000)]
  0x0000000057f12000 JavaThread "" [_thread_blocked, id=13172, stack(0x0000000059970000,0x0000000059a70000)]
  0x0000000057f10800 JavaThread "" [_thread_blocked, id=13160, stack(0x0000000059770000,0x0000000059870000)]
  0x0000000057f0f800 JavaThread "Cancel handler" [_thread_blocked, id=13156, stack(0x0000000059520000,0x0000000059620000)]
  0x0000000057f11000 JavaThread "Handler for socket connection from /127.0.0.1:60508 to /127.0.0.1:49415" [_thread_in_native, id=13152, stack(0x0000000059420000,0x0000000059520000)]
  0x0000000057f0e800 JavaThread "Daemon Thread 2" [_thread_blocked, id=13148, stack(0x00000000592a0000,0x00000000593a0000)]
  0x0000000057f16800 JavaThread "¿Ä" daemon [_thread_blocked, id=4312, stack(0x000000005dc90000,0x000000005dd90000)]
  0x0000000057f14000 JavaThread "File lock request listener" [_thread_in_native, id=2292, stack(0x000000005d4f0000,0x000000005d5f0000)]
  0x0000000057f0e000 JavaThread "Incoming local TCP Connector on port 60508" [_thread_in_native, id=2016, stack(0x0000000058e60000,0x0000000058f60000)]
  0x0000000057f0d000 JavaThread "pool-1-thread-1" [_thread_blocked, id=8088, stack(0x0000000058d10000,0x0000000058e10000)]
  0x000000005660f800 JavaThread "Service Thread" daemon [_thread_blocked, id=5452, stack(0x0000000056e00000,0x0000000056f00000)]
  0x0000000056583000 JavaThread "C1 CompilerThread2" daemon [_thread_blocked, id=6892, stack(0x0000000057090000,0x0000000057190000)]
  0x000000005657d800 JavaThread "C2 CompilerThread1" daemon [_thread_blocked, id=7408, stack(0x0000000056f60000,0x0000000057060000)]
  0x0000000056578000 JavaThread "C2 CompilerThread0" daemon [_thread_blocked, id=6816, stack(0x0000000056d00000,0x0000000056e00000)]
  0x000000005656a800 JavaThread "Attach Listener" daemon [_thread_blocked, id=3064, stack(0x0000000056bf0000,0x0000000056cf0000)]
  0x0000000056568800 JavaThread "Signal Dispatcher" daemon [_thread_blocked, id=7336, stack(0x0000000056970000,0x0000000056a70000)]
  0x000000005519e000 JavaThread "Finalizer" daemon [_thread_blocked, id=6580, stack(0x0000000056460000,0x0000000056560000)]
  0x0000000055155000 JavaThread "Reference Handler" daemon [_thread_blocked, id=6608, stack(0x0000000056280000,0x0000000056380000)]
  0x000000000258f000 JavaThread "main" [_thread_blocked, id=4696, stack(0x0000000002670000,0x0000000002770000)]

Other Threads:
  0x000000005514d000 VMThread [stack: 0x0000000056120000,0x0000000056220000] [id=7852]
  0x0000000056656000 WatcherThread [stack: 0x0000000056af0000,0x0000000056bf0000] [id=6756]

=>0x00000000024c0800 (exited) GCTaskThread [stack: 0x0000000012330000,0x0000000012430000] [id=7936]

VM state:at safepoint (normal execution)

VM Mutex/Monitor currently owned by a thread:  ([mutex/lock_event])
[0x000000000258d210] Threads_lock - owner thread: 0x000000005514d000
[0x000000000258d710] Heap_lock - owner thread: 0x0000000057f10800

Heap:
 PSYoungGen      total 223744K, used 1792K [0x00000000eab00000, 0x00000000ff700000, 0x0000000100000000)
  eden space 119808K, 0% used [0x00000000eab00000,0x00000000eab00000,0x00000000f2000000)
  from space 103936K, 1% used [0x00000000f9180000,0x00000000f9340000,0x00000000ff700000)
  to   space 110080K, 0% used [0x00000000f2000000,0x00000000f2000000,0x00000000f8b80000)
 ParOldGen       total 359424K, used 293164K [0x00000000c0000000, 0x00000000d5f00000, 0x00000000eab00000)
  object space 359424K, 81% used [0x00000000c0000000,0x00000000d1e4b208,0x00000000d5f00000)
 Metaspace       used 65638K, capacity 66924K, committed 67072K, reserved 1107968K
  class space    used 8552K, capacity 8872K, committed 8960K, reserved 1048576K

Card table byte_map: [0x0000000011b30000,0x0000000011d40000] byte_map_base: 0x0000000011530000

Marking Bits: (ParMarkBitMap*) 0x00000000687ba6d0
 Begin Bits: [0x00000000125c0000, 0x00000000135c0000)
 End Bits:   [0x00000000135c0000, 0x00000000145c0000)

Polling page: 0x0000000000230000

CodeCache: size=245760Kb used=37486Kb max_used=37965Kb free=208273Kb
 bounds [0x0000000002770000, 0x0000000004cc0000, 0x0000000011770000]
 total_blobs=11684 nmethods=10933 adapters=661
 compilation: enabled

Compilation events (10 events):
Event: 3896.434 Thread 0x0000000056583000 14015       3       proguard.classfile.attribute.DeprecatedAttribute::accept (10 bytes)
Event: 3896.434 Thread 0x000000005657d800 14016       4       proguard.classfile.util.ClassReferenceInitializer::visitProgramField (24 bytes)
Event: 3896.434 Thread 0x0000000056583000 nmethod 14015 0x0000000003d1b490 code [0x0000000003d1b600, 0x0000000003d1b828]
Event: 3896.437 Thread 0x000000005657d800 nmethod 14016 0x0000000003cdb210 code [0x0000000003cdb380, 0x0000000003cdb548]
Event: 3896.582 Thread 0x0000000056578000 14017       4       proguard.classfile.ProgramClass::hierarchyAccept (168 bytes)
Event: 3896.597 Thread 0x000000005657d800 14018       4       proguard.classfile.ProgramMember::accept (10 bytes)
Event: 3896.598 Thread 0x000000005657d800 nmethod 14018 0x0000000003f81550 code [0x0000000003f816a0, 0x0000000003f81798]
Event: 3896.601 Thread 0x000000005657d800 14019       4       proguard.classfile.ProgramClass::findField (67 bytes)
Event: 3896.621 Thread 0x000000005657d800 nmethod 14019 0x00000000041a4f50 code [0x00000000041a50e0, 0x00000000041a5d08]
Event: 3896.636 Thread 0x0000000056578000 nmethod 14017 0x0000000003c0d510 code [0x0000000003c0d900, 0x0000000003c10148]

GC Heap History (10 events):
Event: 3882.916 GC heap after
Heap after GC invocations=25 (full 5):
 PSYoungGen      total 279040K, used 9455K [0x00000000eab00000, 0x0000000100000000, 0x0000000100000000)
  eden space 217088K, 0% used [0x00000000eab00000,0x00000000eab00000,0x00000000f7f00000)
  from space 61952K, 15% used [0x00000000fb800000,0x00000000fc13bf98,0x00000000ff480000)
  to   space 58368K, 0% used [0x00000000f7f00000,0x00000000f7f00000,0x00000000fb800000)
 ParOldGen       total 359424K, used 124587K [0x00000000c0000000, 0x00000000d5f00000, 0x00000000eab00000)
  object space 359424K, 34% used [0x00000000c0000000,0x00000000c79aafa0,0x00000000d5f00000)
 Metaspace       used 62275K, capacity 63508K, committed 63616K, reserved 1103872K
  class space    used 8185K, capacity 8494K, committed 8576K, reserved 1048576K
}
Event: 3887.015 GC heap before
{Heap before GC invocations=26 (full 5):
 PSYoungGen      total 279040K, used 226543K [0x00000000eab00000, 0x0000000100000000, 0x0000000100000000)
  eden space 217088K, 100% used [0x00000000eab00000,0x00000000f7f00000,0x00000000f7f00000)
  from space 61952K, 15% used [0x00000000fb800000,0x00000000fc13bf98,0x00000000ff480000)
  to   space 58368K, 0% used [0x00000000f7f00000,0x00000000f7f00000,0x00000000fb800000)
 ParOldGen       total 359424K, used 124587K [0x00000000c0000000, 0x00000000d5f00000, 0x00000000eab00000)
  object space 359424K, 34% used [0x00000000c0000000,0x00000000c79aafa0,0x00000000d5f00000)
 Metaspace       used 65502K, capacity 66784K, committed 67072K, reserved 1107968K
  class space    used 8551K, capacity 8870K, committed 8960K, reserved 1048576K
Event: 3887.193 GC heap after
Heap after GC invocations=26 (full 5):
 PSYoungGen      total 275456K, used 58366K [0x00000000eab00000, 0x0000000100000000, 0x0000000100000000)
  eden space 217088K, 0% used [0x00000000eab00000,0x00000000eab00000,0x00000000f7f00000)
  from space 58368K, 99% used [0x00000000f7f00000,0x00000000fb7ff958,0x00000000fb800000)
  to   space 73728K, 0% used [0x00000000fb800000,0x00000000fb800000,0x0000000100000000)
 ParOldGen       total 359424K, used 155966K [0x00000000c0000000, 0x00000000d5f00000, 0x00000000eab00000)
  object space 359424K, 43% used [0x00000000c0000000,0x00000000c984f8c8,0x00000000d5f00000)
 Metaspace       used 65502K, capacity 66784K, committed 67072K, reserved 1107968K
  class space    used 8551K, capacity 8870K, committed 8960K, reserved 1048576K
}
Event: 3896.140 GC heap before
{Heap before GC invocations=27 (full 5):
 PSYoungGen      total 275456K, used 275454K [0x00000000eab00000, 0x0000000100000000, 0x0000000100000000)
  eden space 217088K, 100% used [0x00000000eab00000,0x00000000f7f00000,0x00000000f7f00000)
  from space 58368K, 99% used [0x00000000f7f00000,0x00000000fb7ff958,0x00000000fb800000)
  to   space 73728K, 0% used [0x00000000fb800000,0x00000000fb800000,0x0000000100000000)
 ParOldGen       total 359424K, used 155966K [0x00000000c0000000, 0x00000000d5f00000, 0x00000000eab00000)
  object space 359424K, 43% used [0x00000000c0000000,0x00000000c984f8c8,0x00000000d5f00000)
 Metaspace       used 65634K, capacity 66924K, committed 67072K, reserved 1107968K
  class space    used 8552K, capacity 8872K, committed 8960K, reserved 1048576K
Event: 3896.286 GC heap after
Heap after GC invocations=27 (full 5):
 PSYoungGen      total 190464K, used 73711K [0x00000000eab00000, 0x0000000100000000, 0x0000000100000000)
  eden space 116736K, 0% used [0x00000000eab00000,0x00000000eab00000,0x00000000f1d00000)
  from space 73728K, 99% used [0x00000000fb800000,0x00000000ffffbec0,0x0000000100000000)
  to   space 116224K, 0% used [0x00000000f1d00000,0x00000000f1d00000,0x00000000f8e80000)
 ParOldGen       total 359424K, used 216793K [0x00000000c0000000, 0x00000000d5f00000, 0x00000000eab00000)
  object space 359424K, 60% used [0x00000000c0000000,0x00000000cd3b65b8,0x00000000d5f00000)
 Metaspace       used 65634K, capacity 66924K, committed 67072K, reserved 1107968K
  class space    used 8552K, capacity 8872K, committed 8960K, reserved 1048576K
}
Event: 3896.455 GC heap before
{Heap before GC invocations=28 (full 5):
 PSYoungGen      total 190464K, used 190447K [0x00000000eab00000, 0x0000000100000000, 0x0000000100000000)
  eden space 116736K, 100% used [0x00000000eab00000,0x00000000f1d00000,0x00000000f1d00000)
  from space 73728K, 99% used [0x00000000fb800000,0x00000000ffffbec0,0x0000000100000000)
  to   space 116224K, 0% used [0x00000000f1d00000,0x00000000f1d00000,0x00000000f8e80000)
 ParOldGen       total 359424K, used 216793K [0x00000000c0000000, 0x00000000d5f00000, 0x00000000eab00000)
  object space 359424K, 60% used [0x00000000c0000000,0x00000000cd3b65b8,0x00000000d5f00000)
 Metaspace       used 65638K, capacity 66924K, committed 67072K, reserved 1107968K
  class space    used 8552K, capacity 8872K, committed 8960K, reserved 1048576K
Event: 3896.564 GC heap after
Heap after GC invocations=28 (full 5):
 PSYoungGen      total 232960K, used 9120K [0x00000000eab00000, 0x0000000100000000, 0x0000000100000000)
  eden space 116736K, 0% used [0x00000000eab00000,0x00000000eab00000,0x00000000f1d00000)
  from space 116224K, 7% used [0x00000000f1d00000,0x00000000f25e8000,0x00000000f8e80000)
  to   space 113152K, 0% used [0x00000000f9180000,0x00000000f9180000,0x0000000100000000)
 ParOldGen       total 359424K, used 284133K [0x00000000c0000000, 0x00000000d5f00000, 0x00000000eab00000)
  object space 359424K, 79% used [0x00000000c0000000,0x00000000d15795b0,0x00000000d5f00000)
 Metaspace       used 65638K, capacity 66924K, committed 67072K, reserved 1107968K
  class space    used 8552K, capacity 8872K, committed 8960K, reserved 1048576K
}
Event: 3896.651 GC heap before
{Heap before GC invocations=29 (full 5):
 PSYoungGen      total 232960K, used 125856K [0x00000000eab00000, 0x0000000100000000, 0x0000000100000000)
  eden space 116736K, 100% used [0x00000000eab00000,0x00000000f1d00000,0x00000000f1d00000)
  from space 116224K, 7% used [0x00000000f1d00000,0x00000000f25e8000,0x00000000f8e80000)
  to   space 113152K, 0% used [0x00000000f9180000,0x00000000f9180000,0x0000000100000000)
 ParOldGen       total 359424K, used 284133K [0x00000000c0000000, 0x00000000d5f00000, 0x00000000eab00000)
  object space 359424K, 79% used [0x00000000c0000000,0x00000000d15795b0,0x00000000d5f00000)
 Metaspace       used 65638K, capacity 66924K, committed 67072K, reserved 1107968K
  class space    used 8552K, capacity 8872K, committed 8960K, reserved 1048576K
Event: 3896.673 GC heap after
Heap after GC invocations=29 (full 5):
 PSYoungGen      total 223744K, used 1792K [0x00000000eab00000, 0x00000000ff700000, 0x0000000100000000)
  eden space 119808K, 0% used [0x00000000eab00000,0x00000000eab00000,0x00000000f2000000)
  from space 103936K, 1% used [0x00000000f9180000,0x00000000f9340000,0x00000000ff700000)
  to   space 110080K, 0% used [0x00000000f2000000,0x00000000f2000000,0x00000000f8b80000)
 ParOldGen       total 359424K, used 293164K [0x00000000c0000000, 0x00000000d5f00000, 0x00000000eab00000)
  object space 359424K, 81% used [0x00000000c0000000,0x00000000d1e4b208,0x00000000d5f00000)
 Metaspace       used 65638K, capacity 66924K, committed 67072K, reserved 1107968K
  class space    used 8552K, capacity 8872K, committed 8960K, reserved 1048576K
}
Event: 3896.673 GC heap before
{Heap before GC invocations=30 (full 6):
 PSYoungGen      total 223744K, used 1792K [0x00000000eab00000, 0x00000000ff700000, 0x0000000100000000)
  eden space 119808K, 0% used [0x00000000eab00000,0x00000000eab00000,0x00000000f2000000)
  from space 103936K, 1% used [0x00000000f9180000,0x00000000f9340000,0x00000000ff700000)
  to   space 110080K, 0% used [0x00000000f2000000,0x00000000f2000000,0x00000000f8b80000)
 ParOldGen       total 359424K, used 293164K [0x00000000c0000000, 0x00000000d5f00000, 0x00000000eab00000)
  object space 359424K, 81% used [0x00000000c0000000,0x00000000d1e4b208,0x00000000d5f00000)
 Metaspace       used 65638K, capacity 66924K, committed 67072K, reserved 1107968K
  class space    used 8552K, capacity 8872K, committed 8960K, reserved 1048576K

Deoptimization events (10 events):
Event: 3888.269 Thread 0x0000000057f10800 Uncommon trap: reason=bimorphic action=maybe_recompile pc=0x0000000004bdec7c method=com.sun.tools.javac.tree.JCTree$JCModifiers.accept(Lcom/sun/tools/javac/tree/JCTree$Visitor;)V @ 2
Event: 3888.269 Thread 0x0000000057f10800 Uncommon trap: reason=bimorphic action=maybe_recompile pc=0x0000000004bdec7c method=com.sun.tools.javac.tree.JCTree$JCModifiers.accept(Lcom/sun/tools/javac/tree/JCTree$Visitor;)V @ 2
Event: 3888.269 Thread 0x0000000057f10800 Uncommon trap: reason=bimorphic action=maybe_recompile pc=0x0000000004bdec7c method=com.sun.tools.javac.tree.JCTree$JCModifiers.accept(Lcom/sun/tools/javac/tree/JCTree$Visitor;)V @ 2
Event: 3888.269 Thread 0x0000000057f10800 Uncommon trap: reason=bimorphic action=maybe_recompile pc=0x0000000004bdec7c method=com.sun.tools.javac.tree.JCTree$JCModifiers.accept(Lcom/sun/tools/javac/tree/JCTree$Visitor;)V @ 2
Event: 3888.286 Thread 0x0000000057f10800 Uncommon trap: reason=bimorphic action=maybe_recompile pc=0x0000000004bf584c method=com.sun.tools.javac.tree.TreeScanner.visitVarDef(Lcom/sun/tools/javac/tree/JCTree$JCVariableDecl;)V @ 5
Event: 3888.286 Thread 0x0000000057f10800 Uncommon trap: reason=bimorphic action=maybe_recompile pc=0x0000000004bf584c method=com.sun.tools.javac.tree.TreeScanner.visitVarDef(Lcom/sun/tools/javac/tree/JCTree$JCVariableDecl;)V @ 5
Event: 3888.286 Thread 0x0000000057f10800 Uncommon trap: reason=bimorphic action=maybe_recompile pc=0x0000000004bf584c method=com.sun.tools.javac.tree.TreeScanner.visitVarDef(Lcom/sun/tools/javac/tree/JCTree$JCVariableDecl;)V @ 5
Event: 3888.286 Thread 0x0000000057f10800 Uncommon trap: reason=bimorphic action=maybe_recompile pc=0x0000000004bf584c method=com.sun.tools.javac.tree.TreeScanner.visitVarDef(Lcom/sun/tools/javac/tree/JCTree$JCVariableDecl;)V @ 5
Event: 3888.456 Thread 0x0000000057f10800 Uncommon trap: reason=predicate action=maybe_recompile pc=0x0000000004bd848c method=com.sun.tools.javac.tree.TreeScanner.scan(Lcom/sun/tools/javac/util/List;)V @ 13
Event: 3888.466 Thread 0x0000000057f10800 Uncommon trap: reason=unstable_if action=reinterpret pc=0x0000000004c548e8 method=com.sun.tools.javac.model.FilteredMemberList$1.hasNext()Z @ 4

Internal exceptions (10 events):
Event: 79.101 Thread 0x0000000057f0e800 Exception <a 'java/lang/NoSuchMethodError': <clinit>> (0x00000000eb297d78) thrown at [C:\re\workspace\8-2-build-windows-amd64-cygwin\jdk8u101\7261\hotspot\src\share\vm\prims\jni.cpp, line 1613]
Event: 79.101 Thread 0x0000000057f0e800 Exception <a 'java/lang/NoSuchMethodError': <clinit>> (0x00000000eb2a0b90) thrown at [C:\re\workspace\8-2-build-windows-amd64-cygwin\jdk8u101\7261\hotspot\src\share\vm\prims\jni.cpp, line 1613]
Event: 79.108 Thread 0x0000000057f0f800 Exception <a 'java/lang/NoSuchMethodError': <clinit>> (0x00000000eb47c7b8) thrown at [C:\re\workspace\8-2-build-windows-amd64-cygwin\jdk8u101\7261\hotspot\src\share\vm\prims\jni.cpp, line 1613]
Event: 3879.586 Thread 0x0000000057f10800 Exception <a 'java/lang/ClassNotFoundException': asLocalRepo27_e2y72x2rpbgk71l8tm5pjahiuBeanInfo> (0x00000000ec055f00) thrown at [C:\re\workspace\8-2-build-windows-amd64-cygwin\jdk8u101\7261\hotspot\src\share\vm\classfile\systemDictionary.cpp, line 210]
Event: 3879.586 Thread 0x0000000057f10800 Exception <a 'java/lang/ClassNotFoundException': asLocalRepo27_e2y72x2rpbgk71l8tm5pjahiuCustomizer> (0x00000000ec05faf0) thrown at [C:\re\workspace\8-2-build-windows-amd64-cygwin\jdk8u101\7261\hotspot\src\share\vm\classfile\systemDictionary.cpp, line 210]
Event: 3881.355 Thread 0x0000000057f10800 Implicit null exception at 0x0000000003b5d54e to 0x0000000003b5d685
Event: 3881.355 Thread 0x0000000057f10800 Implicit null exception at 0x0000000003b5ea4d to 0x0000000003b5ed85
Event: 3881.356 Thread 0x0000000057f10800 Implicit null exception at 0x0000000003b5cd4b to 0x0000000003b5cee9
Event: 3884.591 Thread 0x0000000057f10800 Exception <a 'java/lang/NoSuchMethodError': <clinit>> (0x00000000ef1cd4d0) thrown at [C:\re\workspace\8-2-build-windows-amd64-cygwin\jdk8u101\7261\hotspot\src\share\vm\prims\jni.cpp, line 1613]
Event: 3885.690 Thread 0x0000000057f10800 Exception <a 'java/lang/ClassNotFoundException': com/sun/org/glassfish/hk2/osgiresourcelocator/ServiceLoader> (0x00000000f2c57f00) thrown at [C:\re\workspace\8-2-build-windows-amd64-cygwin\jdk8u101\7261\hotspot\src\share\vm\classfile\systemDictionary.cpp, O?@au∆S@

Events (10 events):
Event: 3896.600 Thread 0x000000005657d800 flushing nmethod 0x0000000004a45110
Event: 3896.600 Thread 0x000000005657d800 flushing nmethod 0x0000000004a61a90
Event: 3896.600 Thread 0x000000005657d800 flushing nmethod 0x0000000004a70650
Event: 3896.600 Thread 0x000000005657d800 flushing nmethod 0x0000000004ab7dd0
Event: 3896.600 Thread 0x000000005657d800 flushing nmethod 0x0000000004ab81d0
Event: 3896.600 Thread 0x000000005657d800 flushing nmethod 0x0000000004ac8890
Event: 3896.600 Thread 0x000000005657d800 flushing nmethod 0x0000000004acaf50
Event: 3896.600 Thread 0x000000005657d800 flushing nmethod 0x0000000004accbd0
Event: 3896.600 Thread 0x000000005657d800 flushing nmethod 0x0000000004acdbd0
Event: 3896.651 Executing VM operation: ParallelGCFailedAllocation


Dynamic libraries:
0x000000013f930000 - 0x000000013f967000 	C:\Program Files\Java\jdk1.8.0_101\bin\java.exe
0x0000000077830000 - 0x00000000779d9000 	C:\Windows\SYSTEM32\ntdll.dll
0x0000000077610000 - 0x000000007772f000 	C:\Windows\system32\kernel32.dll
0x000007fefdae0000 - 0x000007fefdb4b000 	C:\Windows\system32\KERNELBASE.dll
0x000007fefdb80000 - 0x000007fefdc5b000 	C:\Windows\system32\ADVAPI32.dll
0x000007fefe3c0000 - 0x000007fefe45f000 	C:\Windows\system32\msvcrt.dll
0x000007fefdfd0000 - 0x000007fefdfef000 	C:\Windows\SYSTEM32\sechost.dll
0x000007fefe460000 - 0x000007fefe58d000 	C:\Windows\system32\RPCRT4.dll
0x0000000077730000 - 0x000000007782a000 	C:\Windows\system32\USER32.dll
0x000007fefe680000 - 0x000007fefe6e7000 	C:\Windows\system32\GDI32.dll
0x000007fefdb70000 - 0x000007fefdb7e000 	C:\Windows\system32\LPK.dll
0x000007fefdce0000 - 0x000007fefdda9000 	C:\Windows\system32\USP10.dll
0x000007fefc380000 - 0x000007fefc574000 	C:\Windows\WinSxS\amd64_microsoft.windows.common-controls_6595b64144ccf1df_6.0.7601.17514_none_fa396087175ac9ac\COMCTL32.dll
0x000007fefdc60000 - 0x000007fefdcd1000 	C:\Windows\system32\SHLWAPI.dll
0x000007fefe100000 - 0x000007fefe12e000 	C:\Windows\system32\IMM32.DLL
0x000007fefdff0000 - 0x000007fefe0f9000 	C:\Windows\system32\MSCTF.dll
0x00000000694f0000 - 0x00000000695c2000 	C:\Program Files\Java\jdk1.8.0_101\jre\bin\msvcr100.dll
0x0000000067fa0000 - 0x000000006883a000 	C:\Program Files\Java\jdk1.8.0_101\jre\bin\server\jvm.dll
0x000007fef58a0000 - 0x000007fef58a9000 	C:\Windows\system32\WSOCK32.dll
0x000007fefe590000 - 0x000007fefe5dd000 	C:\Windows\system32\WS2_32.dll
0x000007feff6e0000 - 0x000007feff6e8000 	C:\Windows\system32\NSI.dll
0x000007fef87d0000 - 0x000007fef880b000 	C:\Windows\system32\WINMM.dll
0x000007fefc870000 - 0x000007fefc87c000 	C:\Windows\system32\VERSION.dll
0x00000000779f0000 - 0x00000000779f7000 	C:\Windows\system32\PSAPI.DLL
0x0000000070a90000 - 0x0000000070a9f000 	C:\Program Files\Java\jdk1.8.0_101\jre\bin\verify.dll
0x00000000694c0000 - 0x00000000694e9000 	C:\Program Files\Java\jdk1.8.0_101\jre\bin\java.dll
0x000000006e840000 - 0x000000006e856000 	C:\Program Files\Java\jdk1.8.0_101\jre\bin\zip.dll
0x000007fefe6f0000 - 0x000007feff478000 	C:\Windows\system32\SHELL32.dll
0x000007feff750000 - 0x000007feff953000 	C:\Windows\system32\ole32.dll
0x000007fefd780000 - 0x000007fefd78f000 	C:\Windows\system32\profapi.dll
0x000000006e820000 - 0x000000006e83a000 	C:\Program Files\Java\jdk1.8.0_101\jre\bin\net.dll
0x000007fefcfb0000 - 0x000007fefd005000 	C:\Windows\system32\mswsock.dll
0x000007fefcfa0000 - 0x000007fefcfa7000 	C:\Windows\System32\wship6.dll
0x00000000694a0000 - 0x00000000694b1000 	C:\Program Files\Java\jdk1.8.0_101\jre\bin\nio.dll
0x000007fef9a80000 - 0x000007fef9a92000 	C:\Users\Administrator\.gradle\native\19\windows-amd64\native-platform.dll
0x000007fefd010000 - 0x000007fefd027000 	C:\Windows\system32\CRYPTSP.dll
0x000007fefcd10000 - 0x000007fefcd57000 	C:\Windows\system32\rsaenh.dll
0x000007fefcac0000 - 0x000007fefcade000 	C:\Windows\system32\USERENV.dll
0x000007fefd6b0000 - 0x000007fefd6bf000 	C:\Windows\system32\CRYPTBASE.dll
0x000007fefb2a0000 - 0x000007fefb2c7000 	C:\Windows\system32\IPHLPAPI.DLL
0x000007fefb290000 - 0x000007fefb29b000 	C:\Windows\system32\WINNSI.DLL
0x000007fefb110000 - 0x000007fefb121000 	C:\Windows\system32\dhcpcsvc6.DLL
0x000007fefb0f0000 - 0x000007fefb108000 	C:\Windows\system32\dhcpcsvc.DLL
0x000000006ee20000 - 0x000000006ee2d000 	C:\Program Files\Java\jdk1.8.0_101\jre\bin\management.dll
0x000007fefd610000 - 0x000007fefd667000 	C:\Windows\system32\apphelp.dll
0x0000000069420000 - 0x0000000069444000 	C:\Program Files\Java\jdk1.8.0_101\jre\bin\sunec.dll
0x000000006e960000 - 0x000000006e96b000 	C:\Program Files\Java\jdk1.8.0_101\jre\bin\sunmscapi.dll
0x000007fefd870000 - 0x000007fefd9d7000 	C:\Windows\system32\CRYPT32.dll
0x000007fefd820000 - 0x000007fefd82f000 	C:\Windows\system32\MSASN1.dll
0x000007fef2f20000 - 0x000007fef3045000 	C:\Windows\system32\dbghelp.dll

VM Arguments:
jvm_args: -XX:MaxPermSize=256m -XX:+HeapDumpOnOutOfMemoryError -Xmx1024m -Dfile.encoding=GBK -Duser.country=CN -Duser.language=zh -Duser.variant 
java_command: org.gradle.launcher.daemon.bootstrap.GradleDaemon 2.14.1
java_class_path (initial): E:\android studio2.1\gradle\gradle-2.14.1\lib\gradle-launcher-2.14.1.jar
Launcher Type: SUN_STANDARD

Environment Variables:
JAVA_HOME=C:\Program Files\Java\jdk1.8.0_101
CLASSPATH=.;C:\Program Files\Java\jdk1.8.0_101\lib;C:\Program Files\Java\jdk1.8.0_101\lib\tools.jar
PATH=C:\ProgramData\Oracle\Java\javapath;C:\Windows\system32;C:\Windows;C:\Windows\System32\Wbem;C:\Windows\System32\WindowsPowerShell\v1.0\;C:\Program Files\Java\jdk1.8.0_101\bin;C:\Program Files\Java\jdk1.8.0_101\jre\bin;F:\svn\bin;C:\Program Files\TortoiseGit\bin;F:\android_sdk\tools;F:\android_sdk\platform-tools;F:\android_sdk\build-tools\22.0.1
USERNAME=Administrator
OS=Windows_NT
PROCESSOR_IDENTIFIER=AMD64 Family 21 Model 16 Stepping 1, AuthenticAMD



---------------  S Y S T E M  ---------------

OS: Windows 7 , 64 bit Build 7601 (6.1.7601.17514)

CPU:total 4 (4 cores per cpu, 1 threads per core) family 21 model 16 stepping 1, cmov, cx8, fxsr, mmx, sse, sse2, sse3, ssse3, sse4.1, sse4.2, popcnt, avx, aes, clmul, mmxext, 3dnowpref, lzcnt, sse4a, tsc, tscinvbit, tscinv, bmi1

Memory: 4k page, physical 8327244k(2734216k free), swap 16652644k(9127844k free)

vm_info: Java HotSpot(TM) 64-Bit Server VM (25.101-b13) for windows-amd64 JRE (1.8.0_101-b13), built on Jun 22 2016 01:21:29 by "java_re" with MS VC++ 10.0 (VS2010)

time: Wed Sep 21 19:36:24 2016
elapsed time: 3897 seconds (0d 1h 4m 57s)

